% exp pre-train label 100 - cnn it-2000

2021-08-16 13:42:01,385 Training on arch: [conv-jim], audio set param string: [v5_c12n1m1_n-500_r1-5_mfcc32-12_c1d0d0e0_norm1_f-1x12x50/], param_string: [bs-32_it-2000_lr-0p0001_adv-pre_bs-32_it-100_lr-d-0p0001_lr-g-0p0001_label_model-d] train_params: {'batch_size': 32, 'num_epochs': 2000, 'lr': 0.0001, 'beta': 0.9}, device: [cuda:0], time: [00:55:52]
2021-08-16 13:42:02,105 Eval test on arch: [conv-jim], audio set param string: [v5_c12n1m1_n-500_r1-5_mfcc32-12_c1d0d0e0_norm1_f-1x12x50/], train_params: {'batch_size': 32, 'num_epochs': 2000, 'lr': 0.0001, 'beta': 0.9}, correct: [450 / 600] acc: [75.0000] with loss: [224.1025]
2021-08-16 13:42:02,989 Eval my on arch: [conv-jim], audio set param string: [v5_c12n1m1_n-500_r1-5_mfcc32-12_c1d0d0e0_norm1_f-1x12x50/], train_params: {'batch_size': 32, 'num_epochs': 2000, 'lr': 0.0001, 'beta': 0.9}, correct: [22 / 25] acc: [88.0000] with loss: [43.4674]
2021-08-16 13:42:03,725 

2021-08-16 14:38:21,671 Training on arch: [conv-jim], audio set param string: [v5_c12n1m1_n-500_r1-5_mfcc32-12_c1d0d0e0_norm1_f-1x12x50/], param_string: [bs-32_it-2000_lr-0p0001_adv-pre_bs-32_it-100_lr-d-0p0001_lr-g-0p0001_label_model-g] train_params: {'batch_size': 32, 'num_epochs': 2000, 'lr': 0.0001, 'beta': 0.9}, device: [cuda:0], time: [00:56:14]
2021-08-16 14:38:22,364 Eval test on arch: [conv-jim], audio set param string: [v5_c12n1m1_n-500_r1-5_mfcc32-12_c1d0d0e0_norm1_f-1x12x50/], train_params: {'batch_size': 32, 'num_epochs': 2000, 'lr': 0.0001, 'beta': 0.9}, correct: [451 / 600] acc: [75.1667] with loss: [223.6394]
2021-08-16 14:38:23,202 Eval my on arch: [conv-jim], audio set param string: [v5_c12n1m1_n-500_r1-5_mfcc32-12_c1d0d0e0_norm1_f-1x12x50/], train_params: {'batch_size': 32, 'num_epochs': 2000, 'lr': 0.0001, 'beta': 0.9}, correct: [21 / 25] acc: [84.0000] with loss: [44.4504]
2021-08-16 14:38:23,897 

2021-08-16 15:39:49,842 Training on arch: [conv-jim], audio set param string: [v5_c12n1m1_n-500_r1-5_mfcc32-12_c1d0d0e0_norm1_f-1x12x50/], param_string: [bs-32_it-2000_lr-0p0001_adv-pre_bs-32_it-100_lr-d-0p0001_lr-g-0p0001_label_i1_model-d] train_params: {'batch_size': 32, 'num_epochs': 2000, 'lr': 0.0001, 'beta': 0.9}, device: [cuda:0], time: [00:56:53]
2021-08-16 15:39:50,511 Eval test on arch: [conv-jim], audio set param string: [v5_c12n1m1_n-500_r1-5_mfcc32-12_c1d0d0e0_norm1_f-1x12x50/], train_params: {'batch_size': 32, 'num_epochs': 2000, 'lr': 0.0001, 'beta': 0.9}, correct: [436 / 600] acc: [72.6667] with loss: [226.6109]
2021-08-16 15:39:51,250 Eval my on arch: [conv-jim], audio set param string: [v5_c12n1m1_n-500_r1-5_mfcc32-12_c1d0d0e0_norm1_f-1x12x50/], train_params: {'batch_size': 32, 'num_epochs': 2000, 'lr': 0.0001, 'beta': 0.9}, correct: [22 / 25] acc: [88.0000] with loss: [44.3851]
2021-08-16 15:39:52,030 

2021-08-16 16:36:43,583 Training on arch: [conv-jim], audio set param string: [v5_c12n1m1_n-500_r1-5_mfcc32-12_c1d0d0e0_norm1_f-1x12x50/], param_string: [bs-32_it-2000_lr-0p0001_adv-pre_bs-32_it-100_lr-d-0p0001_lr-g-0p0001_label_i1_model-g] train_params: {'batch_size': 32, 'num_epochs': 2000, 'lr': 0.0001, 'beta': 0.9}, device: [cuda:0], time: [00:56:48]
2021-08-16 16:36:44,341 Eval test on arch: [conv-jim], audio set param string: [v5_c12n1m1_n-500_r1-5_mfcc32-12_c1d0d0e0_norm1_f-1x12x50/], train_params: {'batch_size': 32, 'num_epochs': 2000, 'lr': 0.0001, 'beta': 0.9}, correct: [475 / 600] acc: [79.1667] with loss: [219.5921]
2021-08-16 16:36:45,080 Eval my on arch: [conv-jim], audio set param string: [v5_c12n1m1_n-500_r1-5_mfcc32-12_c1d0d0e0_norm1_f-1x12x50/], train_params: {'batch_size': 32, 'num_epochs': 2000, 'lr': 0.0001, 'beta': 0.9}, correct: [22 / 25] acc: [88.0000] with loss: [43.4513]
2021-08-16 16:36:45,768 

2021-08-16 17:35:12,849 Training on arch: [conv-jim], audio set param string: [v5_c12n1m1_n-500_r1-5_mfcc32-12_c1d0d0e0_norm1_f-1x12x50/], param_string: [bs-32_it-2000_lr-0p0001_adv-pre_bs-32_it-100_lr-d-0p0001_lr-g-0p0001_label_i2_model-d] train_params: {'batch_size': 32, 'num_epochs': 2000, 'lr': 0.0001, 'beta': 0.9}, device: [cuda:0], time: [00:53:52]
2021-08-16 17:35:13,607 Eval test on arch: [conv-jim], audio set param string: [v5_c12n1m1_n-500_r1-5_mfcc32-12_c1d0d0e0_norm1_f-1x12x50/], train_params: {'batch_size': 32, 'num_epochs': 2000, 'lr': 0.0001, 'beta': 0.9}, correct: [452 / 600] acc: [75.3333] with loss: [224.0863]
2021-08-16 17:35:14,351 Eval my on arch: [conv-jim], audio set param string: [v5_c12n1m1_n-500_r1-5_mfcc32-12_c1d0d0e0_norm1_f-1x12x50/], train_params: {'batch_size': 32, 'num_epochs': 2000, 'lr': 0.0001, 'beta': 0.9}, correct: [22 / 25] acc: [88.0000] with loss: [43.5587]
2021-08-16 17:35:15,043 

2021-08-16 18:31:10,303 Training on arch: [conv-jim], audio set param string: [v5_c12n1m1_n-500_r1-5_mfcc32-12_c1d0d0e0_norm1_f-1x12x50/], param_string: [bs-32_it-2000_lr-0p0001_adv-pre_bs-32_it-100_lr-d-0p0001_lr-g-0p0001_label_i2_model-g] train_params: {'batch_size': 32, 'num_epochs': 2000, 'lr': 0.0001, 'beta': 0.9}, device: [cuda:0], time: [00:55:52]
2021-08-16 18:31:11,022 Eval test on arch: [conv-jim], audio set param string: [v5_c12n1m1_n-500_r1-5_mfcc32-12_c1d0d0e0_norm1_f-1x12x50/], train_params: {'batch_size': 32, 'num_epochs': 2000, 'lr': 0.0001, 'beta': 0.9}, correct: [450 / 600] acc: [75.0000] with loss: [224.0003]
2021-08-16 18:31:11,776 Eval my on arch: [conv-jim], audio set param string: [v5_c12n1m1_n-500_r1-5_mfcc32-12_c1d0d0e0_norm1_f-1x12x50/], train_params: {'batch_size': 32, 'num_epochs': 2000, 'lr': 0.0001, 'beta': 0.9}, correct: [21 / 25] acc: [84.0000] with loss: [44.4797]
2021-08-16 18:31:12,505 

2021-08-16 19:32:35,565 Training on arch: [conv-jim], audio set param string: [v5_c12n1m1_n-500_r1-5_mfcc32-12_c1d0d0e0_norm1_f-1x12x50/], param_string: [bs-32_it-2000_lr-0p0001_adv-pre_bs-32_it-100_lr-d-0p0001_lr-g-0p0001_label_i3_model-d] train_params: {'batch_size': 32, 'num_epochs': 2000, 'lr': 0.0001, 'beta': 0.9}, device: [cuda:0], time: [00:56:59]
2021-08-16 19:32:36,237 Eval test on arch: [conv-jim], audio set param string: [v5_c12n1m1_n-500_r1-5_mfcc32-12_c1d0d0e0_norm1_f-1x12x50/], train_params: {'batch_size': 32, 'num_epochs': 2000, 'lr': 0.0001, 'beta': 0.9}, correct: [443 / 600] acc: [73.8333] with loss: [225.1495]
2021-08-16 19:32:36,982 Eval my on arch: [conv-jim], audio set param string: [v5_c12n1m1_n-500_r1-5_mfcc32-12_c1d0d0e0_norm1_f-1x12x50/], train_params: {'batch_size': 32, 'num_epochs': 2000, 'lr': 0.0001, 'beta': 0.9}, correct: [20 / 25] acc: [80.0000] with loss: [45.7637]
2021-08-16 19:32:37,674 

2021-08-16 20:29:33,206 Training on arch: [conv-jim], audio set param string: [v5_c12n1m1_n-500_r1-5_mfcc32-12_c1d0d0e0_norm1_f-1x12x50/], param_string: [bs-32_it-2000_lr-0p0001_adv-pre_bs-32_it-100_lr-d-0p0001_lr-g-0p0001_label_i3_model-g] train_params: {'batch_size': 32, 'num_epochs': 2000, 'lr': 0.0001, 'beta': 0.9}, device: [cuda:0], time: [00:56:52]
2021-08-16 20:29:33,872 Eval test on arch: [conv-jim], audio set param string: [v5_c12n1m1_n-500_r1-5_mfcc32-12_c1d0d0e0_norm1_f-1x12x50/], train_params: {'batch_size': 32, 'num_epochs': 2000, 'lr': 0.0001, 'beta': 0.9}, correct: [462 / 600] acc: [77.0000] with loss: [221.8229]
2021-08-16 20:29:34,633 Eval my on arch: [conv-jim], audio set param string: [v5_c12n1m1_n-500_r1-5_mfcc32-12_c1d0d0e0_norm1_f-1x12x50/], train_params: {'batch_size': 32, 'num_epochs': 2000, 'lr': 0.0001, 'beta': 0.9}, correct: [20 / 25] acc: [80.0000] with loss: [45.8649]
2021-08-16 20:29:35,422 

2021-08-16 21:31:08,578 Training on arch: [conv-jim], audio set param string: [v5_c12n1m1_n-500_r1-5_mfcc32-12_c1d0d0e0_norm1_f-1x12x50/], param_string: [bs-32_it-2000_lr-0p0001_adv-pre_bs-32_it-100_lr-d-0p0001_lr-g-0p0001_label_i4_model-d] train_params: {'batch_size': 32, 'num_epochs': 2000, 'lr': 0.0001, 'beta': 0.9}, device: [cuda:0], time: [00:57:00]
2021-08-16 21:31:09,243 Eval test on arch: [conv-jim], audio set param string: [v5_c12n1m1_n-500_r1-5_mfcc32-12_c1d0d0e0_norm1_f-1x12x50/], train_params: {'batch_size': 32, 'num_epochs': 2000, 'lr': 0.0001, 'beta': 0.9}, correct: [426 / 600] acc: [71.0000] with loss: [228.7196]
2021-08-16 21:31:09,994 Eval my on arch: [conv-jim], audio set param string: [v5_c12n1m1_n-500_r1-5_mfcc32-12_c1d0d0e0_norm1_f-1x12x50/], train_params: {'batch_size': 32, 'num_epochs': 2000, 'lr': 0.0001, 'beta': 0.9}, correct: [18 / 25] acc: [72.0000] with loss: [47.4399]
2021-08-16 21:31:10,782 

2021-08-16 22:28:10,266 Training on arch: [conv-jim], audio set param string: [v5_c12n1m1_n-500_r1-5_mfcc32-12_c1d0d0e0_norm1_f-1x12x50/], param_string: [bs-32_it-2000_lr-0p0001_adv-pre_bs-32_it-100_lr-d-0p0001_lr-g-0p0001_label_i4_model-g] train_params: {'batch_size': 32, 'num_epochs': 2000, 'lr': 0.0001, 'beta': 0.9}, device: [cuda:0], time: [00:56:56]
2021-08-16 22:28:11,031 Eval test on arch: [conv-jim], audio set param string: [v5_c12n1m1_n-500_r1-5_mfcc32-12_c1d0d0e0_norm1_f-1x12x50/], train_params: {'batch_size': 32, 'num_epochs': 2000, 'lr': 0.0001, 'beta': 0.9}, correct: [436 / 600] acc: [72.6667] with loss: [226.6826]
2021-08-16 22:28:11,775 Eval my on arch: [conv-jim], audio set param string: [v5_c12n1m1_n-500_r1-5_mfcc32-12_c1d0d0e0_norm1_f-1x12x50/], train_params: {'batch_size': 32, 'num_epochs': 2000, 'lr': 0.0001, 'beta': 0.9}, correct: [23 / 25] acc: [92.0000] with loss: [42.4713]
2021-08-16 22:28:12,469 

% exp adv 1000

2021-08-17 02:42:52,085 Training on arch: [conv-jim], audio set param string: [v5_c12n1m1_n-500_r1-5_mfcc32-12_c1d0d0e0_norm1_f-1x12x50/], param_string: [bs-32_it-2000_lr-0p0001_adv-pre_bs-32_it-1000_lr-d-0p0001_lr-g-0p0001_label_model-d] train_params: {'batch_size': 32, 'num_epochs': 2000, 'lr': 0.0001, 'beta': 0.9}, device: [cuda:0], time: [00:57:00]
2021-08-17 02:42:52,748 Eval test on arch: [conv-jim], audio set param string: [v5_c12n1m1_n-500_r1-5_mfcc32-12_c1d0d0e0_norm1_f-1x12x50/], train_params: {'batch_size': 32, 'num_epochs': 2000, 'lr': 0.0001, 'beta': 0.9}, correct: [443 / 600] acc: [73.8333] with loss: [225.8942]
2021-08-17 02:42:53,566 Eval my on arch: [conv-jim], audio set param string: [v5_c12n1m1_n-500_r1-5_mfcc32-12_c1d0d0e0_norm1_f-1x12x50/], train_params: {'batch_size': 32, 'num_epochs': 2000, 'lr': 0.0001, 'beta': 0.9}, correct: [20 / 25] acc: [80.0000] with loss: [45.4640]
2021-08-17 02:42:54,250 

2021-08-17 03:39:48,263 Training on arch: [conv-jim], audio set param string: [v5_c12n1m1_n-500_r1-5_mfcc32-12_c1d0d0e0_norm1_f-1x12x50/], param_string: [bs-32_it-2000_lr-0p0001_adv-pre_bs-32_it-1000_lr-d-0p0001_lr-g-0p0001_label_model-g] train_params: {'batch_size': 32, 'num_epochs': 2000, 'lr': 0.0001, 'beta': 0.9}, device: [cuda:0], time: [00:56:50]
2021-08-17 03:39:48,924 Eval test on arch: [conv-jim], audio set param string: [v5_c12n1m1_n-500_r1-5_mfcc32-12_c1d0d0e0_norm1_f-1x12x50/], train_params: {'batch_size': 32, 'num_epochs': 2000, 'lr': 0.0001, 'beta': 0.9}, correct: [449 / 600] acc: [74.8333] with loss: [224.4447]
2021-08-17 03:39:49,742 Eval my on arch: [conv-jim], audio set param string: [v5_c12n1m1_n-500_r1-5_mfcc32-12_c1d0d0e0_norm1_f-1x12x50/], train_params: {'batch_size': 32, 'num_epochs': 2000, 'lr': 0.0001, 'beta': 0.9}, correct: [21 / 25] acc: [84.0000] with loss: [44.3298]
2021-08-17 03:39:50,425 

2021-08-17 05:18:34,127 Training on arch: [conv-jim], audio set param string: [v5_c12n1m1_n-500_r1-5_mfcc32-12_c1d0d0e0_norm1_f-1x12x50/], param_string: [bs-32_it-2000_lr-0p0001_adv-pre_bs-32_it-1000_lr-d-0p0001_lr-g-0p0001_label_i1_model-d] train_params: {'batch_size': 32, 'num_epochs': 2000, 'lr': 0.0001, 'beta': 0.9}, device: [cuda:0], time: [00:56:58]
2021-08-17 05:18:34,780 Eval test on arch: [conv-jim], audio set param string: [v5_c12n1m1_n-500_r1-5_mfcc32-12_c1d0d0e0_norm1_f-1x12x50/], train_params: {'batch_size': 32, 'num_epochs': 2000, 'lr': 0.0001, 'beta': 0.9}, correct: [449 / 600] acc: [74.8333] with loss: [224.5242]
2021-08-17 05:18:35,602 Eval my on arch: [conv-jim], audio set param string: [v5_c12n1m1_n-500_r1-5_mfcc32-12_c1d0d0e0_norm1_f-1x12x50/], train_params: {'batch_size': 32, 'num_epochs': 2000, 'lr': 0.0001, 'beta': 0.9}, correct: [22 / 25] acc: [88.0000] with loss: [43.8792]
2021-08-17 05:18:36,285 

2021-08-17 06:15:36,428 Training on arch: [conv-jim], audio set param string: [v5_c12n1m1_n-500_r1-5_mfcc32-12_c1d0d0e0_norm1_f-1x12x50/], param_string: [bs-32_it-2000_lr-0p0001_adv-pre_bs-32_it-1000_lr-d-0p0001_lr-g-0p0001_label_i1_model-g] train_params: {'batch_size': 32, 'num_epochs': 2000, 'lr': 0.0001, 'beta': 0.9}, device: [cuda:0], time: [00:56:57]
2021-08-17 06:15:37,093 Eval test on arch: [conv-jim], audio set param string: [v5_c12n1m1_n-500_r1-5_mfcc32-12_c1d0d0e0_norm1_f-1x12x50/], train_params: {'batch_size': 32, 'num_epochs': 2000, 'lr': 0.0001, 'beta': 0.9}, correct: [439 / 600] acc: [73.1667] with loss: [226.1881]
2021-08-17 06:15:37,830 Eval my on arch: [conv-jim], audio set param string: [v5_c12n1m1_n-500_r1-5_mfcc32-12_c1d0d0e0_norm1_f-1x12x50/], train_params: {'batch_size': 32, 'num_epochs': 2000, 'lr': 0.0001, 'beta': 0.9}, correct: [21 / 25] acc: [84.0000] with loss: [44.4696]
2021-08-17 06:15:38,517 

2021-08-17 07:54:10,178 Training on arch: [conv-jim], audio set param string: [v5_c12n1m1_n-500_r1-5_mfcc32-12_c1d0d0e0_norm1_f-1x12x50/], param_string: [bs-32_it-2000_lr-0p0001_adv-pre_bs-32_it-1000_lr-d-0p0001_lr-g-0p0001_label_i2_model-d] train_params: {'batch_size': 32, 'num_epochs': 2000, 'lr': 0.0001, 'beta': 0.9}, device: [cuda:0], time: [00:56:59]
2021-08-17 07:54:10,840 Eval test on arch: [conv-jim], audio set param string: [v5_c12n1m1_n-500_r1-5_mfcc32-12_c1d0d0e0_norm1_f-1x12x50/], train_params: {'batch_size': 32, 'num_epochs': 2000, 'lr': 0.0001, 'beta': 0.9}, correct: [435 / 600] acc: [72.5000] with loss: [227.0575]
2021-08-17 07:54:11,573 Eval my on arch: [conv-jim], audio set param string: [v5_c12n1m1_n-500_r1-5_mfcc32-12_c1d0d0e0_norm1_f-1x12x50/], train_params: {'batch_size': 32, 'num_epochs': 2000, 'lr': 0.0001, 'beta': 0.9}, correct: [23 / 25] acc: [92.0000] with loss: [42.0064]
2021-08-17 07:54:12,256 

2021-08-17 08:51:02,988 Training on arch: [conv-jim], audio set param string: [v5_c12n1m1_n-500_r1-5_mfcc32-12_c1d0d0e0_norm1_f-1x12x50/], param_string: [bs-32_it-2000_lr-0p0001_adv-pre_bs-32_it-1000_lr-d-0p0001_lr-g-0p0001_label_i2_model-g] train_params: {'batch_size': 32, 'num_epochs': 2000, 'lr': 0.0001, 'beta': 0.9}, device: [cuda:0], time: [00:56:47]
2021-08-17 08:51:03,657 Eval test on arch: [conv-jim], audio set param string: [v5_c12n1m1_n-500_r1-5_mfcc32-12_c1d0d0e0_norm1_f-1x12x50/], train_params: {'batch_size': 32, 'num_epochs': 2000, 'lr': 0.0001, 'beta': 0.9}, correct: [460 / 600] acc: [76.6667] with loss: [222.3200]
2021-08-17 08:51:04,395 Eval my on arch: [conv-jim], audio set param string: [v5_c12n1m1_n-500_r1-5_mfcc32-12_c1d0d0e0_norm1_f-1x12x50/], train_params: {'batch_size': 32, 'num_epochs': 2000, 'lr': 0.0001, 'beta': 0.9}, correct: [22 / 25] acc: [88.0000] with loss: [43.3581]
2021-08-17 08:51:05,081 

2021-08-17 10:29:25,817 Training on arch: [conv-jim], audio set param string: [v5_c12n1m1_n-500_r1-5_mfcc32-12_c1d0d0e0_norm1_f-1x12x50/], param_string: [bs-32_it-2000_lr-0p0001_adv-pre_bs-32_it-1000_lr-d-0p0001_lr-g-0p0001_label_i3_model-d] train_params: {'batch_size': 32, 'num_epochs': 2000, 'lr': 0.0001, 'beta': 0.9}, device: [cuda:0], time: [00:56:54]
2021-08-17 10:29:26,484 Eval test on arch: [conv-jim], audio set param string: [v5_c12n1m1_n-500_r1-5_mfcc32-12_c1d0d0e0_norm1_f-1x12x50/], train_params: {'batch_size': 32, 'num_epochs': 2000, 'lr': 0.0001, 'beta': 0.9}, correct: [437 / 600] acc: [72.8333] with loss: [226.8995]
2021-08-17 10:29:27,219 Eval my on arch: [conv-jim], audio set param string: [v5_c12n1m1_n-500_r1-5_mfcc32-12_c1d0d0e0_norm1_f-1x12x50/], train_params: {'batch_size': 32, 'num_epochs': 2000, 'lr': 0.0001, 'beta': 0.9}, correct: [20 / 25] acc: [80.0000] with loss: [45.3265]
2021-08-17 10:29:27,904 

2021-08-17 11:26:07,870 Training on arch: [conv-jim], audio set param string: [v5_c12n1m1_n-500_r1-5_mfcc32-12_c1d0d0e0_norm1_f-1x12x50/], param_string: [bs-32_it-2000_lr-0p0001_adv-pre_bs-32_it-1000_lr-d-0p0001_lr-g-0p0001_label_i3_model-g] train_params: {'batch_size': 32, 'num_epochs': 2000, 'lr': 0.0001, 'beta': 0.9}, device: [cuda:0], time: [00:56:37]
2021-08-17 11:26:08,537 Eval test on arch: [conv-jim], audio set param string: [v5_c12n1m1_n-500_r1-5_mfcc32-12_c1d0d0e0_norm1_f-1x12x50/], train_params: {'batch_size': 32, 'num_epochs': 2000, 'lr': 0.0001, 'beta': 0.9}, correct: [431 / 600] acc: [71.8333] with loss: [228.1863]
2021-08-17 11:26:09,366 Eval my on arch: [conv-jim], audio set param string: [v5_c12n1m1_n-500_r1-5_mfcc32-12_c1d0d0e0_norm1_f-1x12x50/], train_params: {'batch_size': 32, 'num_epochs': 2000, 'lr': 0.0001, 'beta': 0.9}, correct: [20 / 25] acc: [80.0000] with loss: [45.9537]
2021-08-17 11:26:10,049 

2021-08-17 13:04:24,819 Training on arch: [conv-jim], audio set param string: [v5_c12n1m1_n-500_r1-5_mfcc32-12_c1d0d0e0_norm1_f-1x12x50/], param_string: [bs-32_it-2000_lr-0p0001_adv-pre_bs-32_it-1000_lr-d-0p0001_lr-g-0p0001_label_i4_model-d] train_params: {'batch_size': 32, 'num_epochs': 2000, 'lr': 0.0001, 'beta': 0.9}, device: [cuda:0], time: [00:56:46]
2021-08-17 13:04:25,480 Eval test on arch: [conv-jim], audio set param string: [v5_c12n1m1_n-500_r1-5_mfcc32-12_c1d0d0e0_norm1_f-1x12x50/], train_params: {'batch_size': 32, 'num_epochs': 2000, 'lr': 0.0001, 'beta': 0.9}, correct: [437 / 600] acc: [72.8333] with loss: [226.8464]
2021-08-17 13:04:26,225 Eval my on arch: [conv-jim], audio set param string: [v5_c12n1m1_n-500_r1-5_mfcc32-12_c1d0d0e0_norm1_f-1x12x50/], train_params: {'batch_size': 32, 'num_epochs': 2000, 'lr': 0.0001, 'beta': 0.9}, correct: [20 / 25] acc: [80.0000] with loss: [45.4407]
2021-08-17 13:04:27,023 

2021-08-17 13:58:40,228 Training on arch: [conv-jim], audio set param string: [v5_c12n1m1_n-500_r1-5_mfcc32-12_c1d0d0e0_norm1_f-1x12x50/], param_string: [bs-32_it-2000_lr-0p0001_adv-pre_bs-32_it-1000_lr-d-0p0001_lr-g-0p0001_label_i4_model-g] train_params: {'batch_size': 32, 'num_epochs': 2000, 'lr': 0.0001, 'beta': 0.9}, device: [cuda:0], time: [00:54:10]
2021-08-17 13:58:40,992 Eval test on arch: [conv-jim], audio set param string: [v5_c12n1m1_n-500_r1-5_mfcc32-12_c1d0d0e0_norm1_f-1x12x50/], train_params: {'batch_size': 32, 'num_epochs': 2000, 'lr': 0.0001, 'beta': 0.9}, correct: [466 / 600] acc: [77.6667] with loss: [221.0695]
2021-08-17 13:58:41,727 Eval my on arch: [conv-jim], audio set param string: [v5_c12n1m1_n-500_r1-5_mfcc32-12_c1d0d0e0_norm1_f-1x12x50/], train_params: {'batch_size': 32, 'num_epochs': 2000, 'lr': 0.0001, 'beta': 0.9}, correct: [23 / 25] acc: [92.0000] with loss: [42.5735]
2021-08-17 13:58:42,413 